<?xml version="1.0" encoding="UTF-8"?>
<!-- Generated by org.testng.reporters.JUnitReportReporter -->
<testsuite hostname="DESKTOP-URC4TEE" failures="0" tests="8" name="com.userPosts.tests.UserBlogGetTest" time="2.736" errors="0" timestamp="2021-03-14T10:49:59 CET" skipped="0">
  <testcase classname="com.userPosts.tests.UserBlogGetTest" name="GetAllPostsFromSpecificUser" time="0.184"/>
  <system-out/>
  <testcase classname="com.userPosts.tests.UserBlogGetTest" name="GetUsername" time="1.215"/>
  <system-out/>
  <testcase classname="com.userPosts.tests.UserBlogGetTest" name="PostMessageBody" time="0.224"/>
  <system-out/>
  <testcase classname="com.userPosts.tests.UserBlogGetTest" name="GetPostwhichDoesNotExist" time="0.168"/>
  <system-out/>
  <testcase classname="com.userPosts.tests.UserBlogGetTest" name="GetAllCommentsForAllPosts" time="0.244"/>
  <system-out/>
  <testcase classname="com.userPosts.tests.UserBlogGetTest" name="ValidateEmailFormat" time="0.352"/>
  <system-out/>
  <testcase classname="com.userPosts.tests.UserBlogGetTest" name="GetAllPosts" time="0.186"/>
  <system-out/>
  <testcase classname="com.userPosts.tests.UserBlogGetTest" name="GetTheCommentsForOnePost" time="0.163"/>
  <system-out/>
</testsuite> <!-- com.userPosts.tests.UserBlogGetTest -->
