<?xml version="1.0" encoding="UTF-8"?>
<!-- Generated by org.testng.reporters.JUnitReportReporter -->
<testsuite hostname="DESKTOP-URC4TEE" failures="0" tests="8" name="com.userPosts.tests.UserPostGetTest" time="3.599" errors="0" timestamp="2021-03-13T18:33:52 CET" skipped="0">
  <testcase classname="com.userPosts.tests.UserPostGetTest" name="GetAllCommentsForAllPosts" time="1.267"/>
  <system-out/>
  <testcase classname="com.userPosts.tests.UserPostGetTest" name="GetAllPostsFromSpecificUser" time="0.183"/>
  <system-out/>
  <testcase classname="com.userPosts.tests.UserPostGetTest" name="GetUsername" time="1.122"/>
  <system-out/>
  <testcase classname="com.userPosts.tests.UserPostGetTest" name="PostMessageBody" time="0.191"/>
  <system-out/>
  <testcase classname="com.userPosts.tests.UserPostGetTest" name="GetAllPosts" time="0.188"/>
  <system-out/>
  <testcase classname="com.userPosts.tests.UserPostGetTest" name="ValidateEmailFormat" time="0.271"/>
  <system-out/>
  <testcase classname="com.userPosts.tests.UserPostGetTest" name="GetPostwhichDoesNotExist" time="0.186"/>
  <system-out/>
  <testcase classname="com.userPosts.tests.UserPostGetTest" name="GetTheCommentsForOnePost" time="0.191"/>
  <system-out/>
</testsuite> <!-- com.userPosts.tests.UserPostGetTest -->
